# JRE version: Java(TM) SE Runtime Environment (8.0_102-b14) (build 1.8.0_102-b14)
# Java VM: Java HotSpot(TM) 64-Bit Server VM (25.102-b14 mixed mode windows-amd64 compressed oops)
Heap:
 PSYoungGen      total 200192K, used 5672K [0x00000000d6180000, 0x00000000e7500000, 0x0000000100000000)
  eden space 190464K, 2% used [0x00000000d6180000,0x00000000d670a058,0x00000000e1b80000)
  from space 9728K, 0% used [0x00000000e5900000,0x00000000e5900000,0x00000000e6280000)
  to   space 18432K, 0% used [0x00000000e6300000,0x00000000e6300000,0x00000000e7500000)
 ParOldGen       total 94720K, used 33370K [0x0000000082400000, 0x0000000088080000, 0x00000000d6180000)
  object space 94720K, 35% used [0x0000000082400000,0x0000000084496840,0x0000000088080000)
 Metaspace       used 24821K, capacity 25566K, committed 26672K, reserved 1073152K
  class space    used 2986K, capacity 3170K, committed 3376K, reserved 1048576K
GC Heap History (10 events):
Event: 5.525 GC heap before
{Heap before GC invocations=7 (full 0):
 PSYoungGen      total 141824K, used 111152K [0x00000000d6180000, 0x00000000df880000, 0x0000000100000000)
  eden space 130560K, 77% used [0x00000000d6180000,0x00000000dc4db6e8,0x00000000de100000)
  from space 11264K, 83% used [0x00000000dec80000,0x00000000df5b0960,0x00000000df780000)
  to   space 11776K, 0% used [0x00000000de100000,0x00000000de100000,0x00000000dec80000)
 ParOldGen       total 86016K, used 12512K [0x0000000082400000, 0x0000000087800000, 0x00000000d6180000)
  object space 86016K, 14% used [0x0000000082400000,0x00000000830383e8,0x0000000087800000)
 Metaspace       used 20549K, capacity 21056K, committed 21296K, reserved 1069056K
  class space    used 2442K, capacity 2592K, committed 2608K, reserved 1048576K
Event: 5.556 GC heap after
Heap after GC invocations=7 (full 0):
 PSYoungGen      total 142336K, used 11767K [0x00000000d6180000, 0x00000000e8880000, 0x0000000100000000)
  eden space 130560K, 0% used [0x00000000d6180000,0x00000000d6180000,0x00000000de100000)
  from space 11776K, 99% used [0x00000000de100000,0x00000000dec7de08,0x00000000dec80000)
  to   space 20480K, 0% used [0x00000000e7480000,0x00000000e7480000,0x00000000e8880000)
 ParOldGen       total 86016K, used 26682K [0x0000000082400000, 0x0000000087800000, 0x00000000d6180000)
  object space 86016K, 31% used [0x0000000082400000,0x0000000083e0e8c8,0x0000000087800000)
 Metaspace       used 20549K, capacity 21056K, committed 21296K, reserved 1069056K
  class space    used 2442K, capacity 2592K, committed 2608K, reserved 1048576K
}
Event: 5.556 GC heap before
{Heap before GC invocations=8 (full 1):
 PSYoungGen      total 142336K, used 11767K [0x00000000d6180000, 0x00000000e8880000, 0x0000000100000000)
  eden space 130560K, 0% used [0x00000000d6180000,0x00000000d6180000,0x00000000de100000)
  from space 11776K, 99% used [0x00000000de100000,0x00000000dec7de08,0x00000000dec80000)
  to   space 20480K, 0% used [0x00000000e7480000,0x00000000e7480000,0x00000000e8880000)
 ParOldGen       total 86016K, used 26682K [0x0000000082400000, 0x0000000087800000, 0x00000000d6180000)
  object space 86016K, 31% used [0x0000000082400000,0x0000000083e0e8c8,0x0000000087800000)
 Metaspace       used 20549K, capacity 21056K, committed 21296K, reserved 1069056K
  class space    used 2442K, capacity 2592K, committed 2608K, reserved 1048576K
Event: 5.693 GC heap after
Heap after GC invocations=8 (full 1):
 PSYoungGen      total 142336K, used 0K [0x00000000d6180000, 0x00000000e8880000, 0x0000000100000000)
  eden space 130560K, 0% used [0x00000000d6180000,0x00000000d6180000,0x00000000de100000)
  from space 11776K, 0% used [0x00000000de100000,0x00000000de100000,0x00000000dec80000)
  to   space 20480K, 0% used [0x00000000e7480000,0x00000000e7480000,0x00000000e8880000)
 ParOldGen       total 94720K, used 33578K [0x0000000082400000, 0x0000000088080000, 0x00000000d6180000)
  object space 94720K, 35% used [0x0000000082400000,0x00000000844caa68,0x0000000088080000)
 Metaspace       used 20549K, capacity 21056K, committed 21296K, reserved 1069056K
  class space    used 2442K, capacity 2592K, committed 2608K, reserved 1048576K
}
Event: 7.846 GC heap before
{Heap before GC invocations=9 (full 1):
 PSYoungGen      total 142336K, used 130560K [0x00000000d6180000, 0x00000000e8880000, 0x0000000100000000)
  eden space 130560K, 100% used [0x00000000d6180000,0x00000000de100000,0x00000000de100000)
  from space 11776K, 0% used [0x00000000de100000,0x00000000de100000,0x00000000dec80000)
  to   space 20480K, 0% used [0x00000000e7480000,0x00000000e7480000,0x00000000e8880000)
 ParOldGen       total 94720K, used 33578K [0x0000000082400000, 0x0000000088080000, 0x00000000d6180000)
  object space 94720K, 35% used [0x0000000082400000,0x00000000844caa68,0x0000000088080000)
 Metaspace       used 24213K, capacity 24978K, committed 25136K, reserved 1071104K
  class space    used 2899K, capacity 3102K, committed 3120K, reserved 1048576K
Event: 7.886 GC heap after
Heap after GC invocations=9 (full 1):
 PSYoungGen      total 201216K, used 10745K [0x00000000d6180000, 0x00000000e7f00000, 0x0000000100000000)
  eden space 190464K, 0% used [0x00000000d6180000,0x00000000d6180000,0x00000000e1b80000)
  from space 10752K, 99% used [0x00000000e7480000,0x00000000e7efe4e0,0x00000000e7f00000)
  to   space 19456K, 0% used [0x00000000e5900000,0x00000000e5900000,0x00000000e6c00000)
 ParOldGen       total 94720K, used 33586K [0x0000000082400000, 0x0000000088080000, 0x00000000d6180000)
  object space 94720K, 35% used [0x0000000082400000,0x00000000844cca68,0x0000000088080000)
 Metaspace       used 24213K, capacity 24978K, committed 25136K, reserved 1071104K
  class space    used 2899K, capacity 3102K, committed 3120K, reserved 1048576K
}
Event: 9.154 GC heap before
{Heap before GC invocations=10 (full 1):
 PSYoungGen      total 201216K, used 41073K [0x00000000d6180000, 0x00000000e7f00000, 0x0000000100000000)
  eden space 190464K, 15% used [0x00000000d6180000,0x00000000d7f1e258,0x00000000e1b80000)
  from space 10752K, 99% used [0x00000000e7480000,0x00000000e7efe4e0,0x00000000e7f00000)
  to   space 19456K, 0% used [0x00000000e5900000,0x00000000e5900000,0x00000000e6c00000)
 ParOldGen       total 94720K, used 33586K [0x0000000082400000, 0x0000000088080000, 0x00000000d6180000)
  object space 94720K, 35% used [0x0000000082400000,0x00000000844cca68,0x0000000088080000)
 Metaspace       used 25688K, capacity 26562K, committed 26672K, reserved 1073152K
  class space    used 3108K, capacity 3310K, committed 3376K, reserved 1048576K
Event: 9.177 GC heap after
Heap after GC invocations=10 (full 1):
 PSYoungGen      total 200192K, used 9586K [0x00000000d6180000, 0x00000000e7500000, 0x0000000100000000)
  eden space 190464K, 0% used [0x00000000d6180000,0x00000000d6180000,0x00000000e1b80000)
  from space 9728K, 98% used [0x00000000e5900000,0x00000000e625cb28,0x00000000e6280000)
  to   space 18432K, 0% used [0x00000000e6300000,0x00000000e6300000,0x00000000e7500000)
 ParOldGen       total 94720K, used 33586K [0x0000000082400000, 0x0000000088080000, 0x00000000d6180000)
  object space 94720K, 35% used [0x0000000082400000,0x00000000844cca68,0x0000000088080000)
 Metaspace       used 25688K, capacity 26562K, committed 26672K, reserved 1073152K
  class space    used 3108K, capacity 3310K, committed 3376K, reserved 1048576K
}
Event: 9.177 GC heap before
{Heap before GC invocations=11 (full 2):
 PSYoungGen      total 200192K, used 9586K [0x00000000d6180000, 0x00000000e7500000, 0x0000000100000000)
  eden space 190464K, 0% used [0x00000000d6180000,0x00000000d6180000,0x00000000e1b80000)
  from space 9728K, 98% used [0x00000000e5900000,0x00000000e625cb28,0x00000000e6280000)
  to   space 18432K, 0% used [0x00000000e6300000,0x00000000e6300000,0x00000000e7500000)
 ParOldGen       total 94720K, used 33586K [0x0000000082400000, 0x0000000088080000, 0x00000000d6180000)
  object space 94720K, 35% used [0x0000000082400000,0x00000000844cca68,0x0000000088080000)
 Metaspace       used 25688K, capacity 26562K, committed 26672K, reserved 1073152K
  class space    used 3108K, capacity 3310K, committed 3376K, reserved 1048576K
Event: 9.442 GC heap after
Heap after GC invocations=11 (full 2):
 PSYoungGen      total 200192K, used 0K [0x00000000d6180000, 0x00000000e7500000, 0x0000000100000000)
  eden space 190464K, 0% used [0x00000000d6180000,0x00000000d6180000,0x00000000e1b80000)
  from space 9728K, 0% used [0x00000000e5900000,0x00000000e5900000,0x00000000e6280000)
  to   space 18432K, 0% used [0x00000000e6300000,0x00000000e6300000,0x00000000e7500000)
 ParOldGen       total 94720K, used 33370K [0x0000000082400000, 0x0000000088080000, 0x00000000d6180000)
  object space 94720K, 35% used [0x0000000082400000,0x0000000084496840,0x0000000088080000)
 Metaspace       used 24810K, capacity 25566K, committed 26672K, reserved 1073152K
  class space    used 2985K, capacity 3170K, committed 3376K, reserved 1048576K
}

